Windows layer integration diagnostic: empty_node_app_windows

=== Direct Node control ===
TEST - SUCCESS
Direct Node exit code: 0

=== mirrord integration test ===
   Compiling windows-sys v0.61.2
   Compiling futures-util v0.3.32
   Compiling mime_guess v2.0.5
   Compiling jaq-json v1.1.3
   Compiling serde_json v1.0.150
   Compiling kube-core v4.0.0 (https://github.com/metalbear-co/kube.git?rev=ae49cce192b85db3d734d290a6031aa2d9ac60e0#ae49cce1)
   Compiling serde_yaml v0.9.34+deprecated
   Compiling futures-executor v0.3.32
   Compiling futures v0.3.32
   Compiling kube-derive v4.0.0 (https://github.com/metalbear-co/kube.git?rev=ae49cce192b85db3d734d290a6031aa2d9ac60e0#ae49cce1)
   Compiling mirrord-jaq v3.233.0 (D:\a\mirrord\mirrord\mirrord\jaq)
   Compiling windows-sys v0.59.0
   Compiling mirrord-progress v3.233.0 (D:\a\mirrord\mirrord\mirrord\progress)
   Compiling winapi v0.3.9
   Compiling rstest v0.23.0
   Compiling mio v1.2.1
   Compiling socket2 v0.6.4
   Compiling tokio v1.52.3
   Compiling schannel v0.1.29
   Compiling rustls-platform-verifier v0.7.0
   Compiling rustls-native-certs v0.8.4
   Compiling winapi-util v0.1.11
   Compiling anstyle-wincon v3.0.11
   Compiling same-file v1.0.6
   Compiling anstyle-query v1.1.5
   Compiling walkdir v2.5.0
   Compiling dirs-sys v0.5.0
   Compiling anstream v1.0.0
   Compiling dirs v6.0.0
   Compiling ignore v0.4.27
   Compiling shellexpand v3.1.2
   Compiling clap_builder v4.6.0
   Compiling tempfile v3.27.0
   Compiling globwalk v0.9.1
   Compiling tera v1.20.1
   Compiling nu-ansi-term v0.50.3
   Compiling tracing-subscriber v0.3.23
   Compiling tokio-util v0.7.18
   Compiling tokio-rustls v0.26.4
   Compiling tokio-tungstenite v0.29.0
   Compiling backon v1.6.0
   Compiling h2 v0.4.15
   Compiling tower v0.5.3
   Compiling actix-codec v0.5.2
   Compiling drain v0.1.2
   Compiling tower-http v0.6.11
   Compiling clap v4.6.1
   Compiling tokio-retry v0.3.2
   Compiling fs4 v0.13.1
   Compiling tokio-stream v0.1.18
   Compiling mirrord-tls-util v3.233.0 (D:\a\mirrord\mirrord\mirrord\tls-util)
   Compiling mirrord-test-utils v3.233.0 (D:\a\mirrord\mirrord\test-utils)
   Compiling hyper v1.10.1
   Compiling hyper-util v0.1.20
   Compiling mirrord-protocol v1.28.0 (D:\a\mirrord\mirrord\mirrord\protocol)
   Compiling hyper-rustls v0.27.9
   Compiling hyper-timeout v0.5.2
   Compiling axum v0.8.9
   Compiling kube-client v4.0.0 (https://github.com/metalbear-co/kube.git?rev=ae49cce192b85db3d734d290a6031aa2d9ac60e0#ae49cce1)
   Compiling reqwest v0.13.4
   Compiling mirrord-analytics v3.233.0 (D:\a\mirrord\mirrord\mirrord\analytics)
   Compiling mirrord-config v3.233.0 (D:\a\mirrord\mirrord\mirrord\config)
   Compiling mirrord-protocol-io v3.233.0 (D:\a\mirrord\mirrord\mirrord\protocol-io)
   Compiling mirrord-intproxy-protocol v3.233.0 (D:\a\mirrord\mirrord\mirrord\intproxy\protocol)
   Compiling kube-runtime v4.0.0 (https://github.com/metalbear-co/kube.git?rev=ae49cce192b85db3d734d290a6031aa2d9ac60e0#ae49cce1)
   Compiling kube v4.0.0 (https://github.com/metalbear-co/kube.git?rev=ae49cce192b85db3d734d290a6031aa2d9ac60e0#ae49cce1)
   Compiling mirrord-auth v3.233.0 (D:\a\mirrord\mirrord\mirrord\auth)
   Compiling mirrord-kube v3.233.0 (D:\a\mirrord\mirrord\mirrord\kube)
   Compiling mirrord-operator v3.233.0 (D:\a\mirrord\mirrord\mirrord\operator)
   Compiling mirrord-intproxy v3.233.0 (D:\a\mirrord\mirrord\mirrord\intproxy)
   Compiling mirrord-layer-tests v3.233.0 (D:\a\mirrord\mirrord\mirrord\layer-tests)
    Finished `test` profile [unoptimized] target(s) in 1m 15s
     Running tests\windows_startup.rs (target\debug\deps\windows_startup-0576b295220a865e.exe)

running 1 test
test empty_node_app_windows ... Created intproxy log file: D:\a\mirrord\mirrord\windows-layer-integration-logs\empty_node_app_windows-intproxy\windows\empty_node_app_windows
Using executable: node
Using args: ["D:\\a\\mirrord\\mirrord\\mirrord\\layer-tests\\tests/apps/empty_node.mjs"]
CWD: "D:\\a\\mirrord\\mirrord\\mirrord\\layer-tests"
Using mirrord path: "D:\\a\\mirrord\\mirrord/target/debug/mirrord.exe"
executing mirrord with args ["exec", "-c", "--config-file", "D:\\a\\mirrord\\mirrord\\mirrord\\layer-tests\\tests/configs\\windows_layer_integration.toml", "--", "node", "D:\\a\\mirrord\\mirrord\\mirrord\\layer-tests\\tests/apps/empty_node.mjs"]
executed mirrord with args ["exec", "-c", "--config-file", "D:\\a\\mirrord\\mirrord\\mirrord\\layer-tests\\tests/configs\\windows_layer_integration.toml", "--", "node", "D:\\a\\mirrord\\mirrord\\mirrord\\layer-tests\\tests/apps/empty_node.mjs"] pid 8184
waiting for process to exit
stderr 16:49:20 8184:   2026-07-14T16:49:20.545866Z TRACE mirrord::user_data: Could not load `UserData` from file! Attempting to create it..., error: The system cannot find the path specified. (os error 3)
    at mirrord\cli\src\user_data.rs:85

stderr 16:49:20 8184: 
thread 'stderr 16:49:20 8184: main' (6456) has overflowed its stack
process exit, waiting for stdout/err to be read
stdout/err read and finished

thread 'empty_node_app_windows' (9028) panicked at test-utils\src\lib.rs:104:9:
application unexpectedly failed: exit code Some(-1073741571)
stack backtrace:
   0:     0x7ff71f945060 - std::backtrace_rs::backtrace::win64::trace
                               at /rustc/b3869b94cd1ed4bfa2eb28f301535d5e9599c713/library\std\src\..\..\backtrace\src\backtrace\win64.rs:85
   1:     0x7ff71f945060 - std::backtrace_rs::backtrace::trace_unsynchronized
                               at /rustc/b3869b94cd1ed4bfa2eb28f301535d5e9599c713/library\std\src\..\..\backtrace\src\backtrace\mod.rs:66
   2:     0x7ff71f945060 - std::sys::backtrace::_print_fmt
                               at /rustc/b3869b94cd1ed4bfa2eb28f301535d5e9599c713/library\std\src\sys\backtrace.rs:74
   3:     0x7ff71f945060 - std::sys::backtrace::impl$0::print::impl$0::fmt
                               at /rustc/b3869b94cd1ed4bfa2eb28f301535d5e9599c713/library\std\src\sys\backtrace.rs:44
   4:     0x7ff71f95b941 - core::fmt::write
                               at /rustc/b3869b94cd1ed4bfa2eb28f301535d5e9599c713/library\core\src\fmt\mod.rs:0
   5:     0x7ff71f94c404 - std::io::default_write_fmt
                               at /rustc/b3869b94cd1ed4bfa2eb28f301535d5e9599c713/library\std\src\io\mod.rs:639
   6:     0x7ff71f94c404 - std::io::Write::write_fmt<std::sys::stdio::windows::Stderr>
                               at /rustc/b3869b94cd1ed4bfa2eb28f301535d5e9599c713/library\std\src\io\mod.rs:1994
   7:     0x7ff71f928f52 - std::sys::backtrace::BacktraceLock::print
                               at /rustc/b3869b94cd1ed4bfa2eb28f301535d5e9599c713/library\std\src\sys\backtrace.rs:47
   8:     0x7ff71f928f52 - std::panicking::default_hook::closure$0
                               at /rustc/b3869b94cd1ed4bfa2eb28f301535d5e9599c713/library\std\src\panicking.rs:292
   9:     0x7ff71f93c697 - std::panicking::default_hook
                               at /rustc/b3869b94cd1ed4bfa2eb28f301535d5e9599c713/library\std\src\panicking.rs:319
  10:     0x7ff71f93c953 - std::panicking::panic_with_hook
                               at /rustc/b3869b94cd1ed4bfa2eb28f301535d5e9599c713/library\std\src\panicking.rs:825
  11:     0x7ff71f929024 - std::panicking::panic_handler::closure$0
                               at /rustc/b3869b94cd1ed4bfa2eb28f301535d5e9599c713/library\std\src\panicking.rs:698
  12:     0x7ff71f926c5f - std::sys::backtrace::__rust_end_short_backtrace<std::panicking::panic_handler::closure_env$0,never$>
                               at /rustc/b3869b94cd1ed4bfa2eb28f301535d5e9599c713/library\std\src\sys\backtrace.rs:182
  13:     0x7ff71f92994e - std::panicking::panic_handler
                               at /rustc/b3869b94cd1ed4bfa2eb28f301535d5e9599c713/library\std\src\panicking.rs:689
  14:     0x7ff71fa916bd - core::panicking::panic_fmt
                               at /rustc/b3869b94cd1ed4bfa2eb28f301535d5e9599c713/library\core\src\panicking.rs:80
  15:     0x7ff71dc2d4bb - <mirrord_test_utils[34bf8e48411458b3]::TestProcess>::wait_assert_success::{closure#0}
  16:     0x7ff71dc19394 - windows_startup[2d5bfe0e9326181a]::empty_node_app_windows::{closure#0}::empty_node_app_windows::{closure#0}
  17:     0x7ff71dc16118 - <futures_util[d9ce88e9102ba7fb]::future::future::fuse::Fuse<windows_startup[2d5bfe0e9326181a]::empty_node_app_windows::{closure#0}::empty_node_app_windows::{closure#0}> as core[ebf07ed2bbcb4910]::future::future::Future>::poll
  18:     0x7ff71dc2486b - <core[ebf07ed2bbcb4910]::pin::Pin<&mut core[ebf07ed2bbcb4910]::pin::Pin<&mut dyn core[ebf07ed2bbcb4910]::future::future::Future<Output = ()>>> as core[ebf07ed2bbcb4910]::future::future::Future>::poll
  19:     0x7ff71dc24da9 - <mirrord_intproxy[2db7c19206c7820e]::error::ProxyStartupError as core[ebf07ed2bbcb4910]::fmt::Debug>::fmt
  20:     0x7ff71dc1debe - rstest[891ff071db79d6ce]::timeout::execute_with_timeout_async::<(), windows_startup[2d5bfe0e9326181a]::empty_node_app_windows::{closure#0}::empty_node_app_windows::{closure#0}, windows_startup[2d5bfe0e9326181a]::empty_node_app_windows::{closure#0}::{closure#0}>::{closure#0}::{closure#1}::{closure#1}
  21:     0x7ff71dc2ff8e - RNvXs1_NtNtNtCskfTNTzlK3hA_4core3ops8function5implsQDG0_INtB7_5FnMutTQL1_INtNtNtBb_4task4wake7ContextL0_EEEp6OutputINtNtBb_6option6OptionINtNtB1e_4poll4PollINtNCNvNtCsbLUxjR6CR8U_6rstest7timeout26execute_with_timeout_async012___PrivResultuuEEEEL_IBT_TQB1a_
  22:     0x7ff71dc1dd6b - rstest[891ff071db79d6ce]::timeout::execute_with_timeout_async::<(), windows_startup[2d5bfe0e9326181a]::empty_node_app_windows::{closure#0}::empty_node_app_windows::{closure#0}, windows_startup[2d5bfe0e9326181a]::empty_node_app_windows::{closure#0}::{closure#0}>::{closure#0}::{closure#1}
  23:     0x7ff71dc4c1a5 - RNvXs0_NtNtCsiHnA6EYodpT_12futures_util6future7poll_fnINtB5_6PollFnNCNCINvNtCsbLUxjR6CR8U_6rstest7timeout26execute_with_timeout_asyncuNCNvNCNvCs3TrHeuzqBEQ_15windows_startups_22empty_node_app_windows022empty_node_app_windows0NCB2c_0E0s_0ENtNtNtCskfTNTzlK3h
  24:     0x7ff71dc1d953 - rstest[891ff071db79d6ce]::timeout::execute_with_timeout_async::<(), windows_startup[2d5bfe0e9326181a]::empty_node_app_windows::{closure#0}::empty_node_app_windows::{closure#0}, windows_startup[2d5bfe0e9326181a]::empty_node_app_windows::{closure#0}::{closure#0}>::{closure#0}
  25:     0x7ff71dc18b0a - windows_startup[2d5bfe0e9326181a]::empty_node_app_windows::{closure#0}
  26:     0x7ff71dc247dc - <core[ebf07ed2bbcb4910]::pin::Pin<&mut dyn core[ebf07ed2bbcb4910]::future::future::Future<Output = ()>> as core[ebf07ed2bbcb4910]::future::future::Future>::poll
  27:     0x7ff71dc2480b - <core[ebf07ed2bbcb4910]::pin::Pin<&mut core[ebf07ed2bbcb4910]::pin::Pin<&mut dyn core[ebf07ed2bbcb4910]::future::future::Future<Output = ()>>> as core[ebf07ed2bbcb4910]::future::future::Future>::poll
  28:     0x7ff71dc339eb - <tokio[b69c9a7b3c6684f3]::runtime::scheduler::current_thread::CurrentThread>::block_on::<core[ebf07ed2bbcb4910]::pin::Pin<&mut dyn core[ebf07ed2bbcb4910]::future::future::Future<Output = ()>>>::{closure#0}::{closure#0}
  29:     0x7ff71dc3393c - <tokio[b69c9a7b3c6684f3]::runtime::scheduler::current_thread::CurrentThread>::block_on::<core[ebf07ed2bbcb4910]::pin::Pin<&mut dyn core[ebf07ed2bbcb4910]::future::future::Future<Output = ()>>>::{closure#0}::{closure#0}
  30:     0x7ff71dc3075f - RINvMs1_NtNtCskfTNTzlK3hA_4core3ptr8non_nullINtB6_7NonNullNtNtNtNtCsfG2lWf7EeL7_5tokio7runtime4task4core6HeaderE4castINtBW_4CellNCINvMs1_NtCs3VlZHUdOcP2_16mirrord_intproxy16background_tasksINtB2b_15BackgroundTasksNtNtB2d_10main_tasks10MainTaskIdNtB3r_12Pro
  31:     0x7ff71dc33029 - <tokio[b69c9a7b3c6684f3]::runtime::scheduler::current_thread::CoreGuard>::enter::<<tokio[b69c9a7b3c6684f3]::runtime::scheduler::current_thread::CoreGuard>::block_on<core[ebf07ed2bbcb4910]::pin::Pin<&mut core[ebf07ed2bbcb4910]::pin::Pin<&mut dyn core[ebf07ed2bbcb4910]::future::future::Future<Output = ()>>>>::{closure#0}, core[ebf07ed2bbcb4910]::option::Option<()>>::{closure#0}
  32:     0x7ff71dc32e67 - <tokio[b69c9a7b3c6684f3]::runtime::scheduler::current_thread::CoreGuard>::enter::<<tokio[b69c9a7b3c6684f3]::runtime::scheduler::current_thread::CoreGuard>::block_on<core[ebf07ed2bbcb4910]::pin::Pin<&mut core[ebf07ed2bbcb4910]::pin::Pin<&mut dyn core[ebf07ed2bbcb4910]::future::future::Future<Output = ()>>>>::{closure#0}, core[ebf07ed2bbcb4910]::option::Option<()>>::{closure#0}
  33:     0x7ff71dc25038 - RINvMNtNtNtCsfG2lWf7EeL7_5tokio7runtime7context6scopedINtB3_6ScopedNtNtB7_9scheduler7ContextE3setNCINvMs7_NtB15_14current_threadNtB1G_9CoreGuard5enterNCINvB1C_8block_onINtNtCskfTNTzlK3hA_4core3pin3PinQIB2H_QDNtNtNtB2L_6future6future6Futurep6OutputuEL_EEE0I
  34:     0x7ff71dc337a4 - RNCINvNtNtCsfG2lWf7EeL7_5tokio7runtime7context13set_schedulerTINtNtCs4A7rKEqPZTU_5alloc5boxed3BoxNtNtNtB6_9scheduler14current_thread4CoreEINtNtCskfTNTzlK3hA_4core6option6OptionuEENCINvMs7_B1z_NtB1z_9CoreGuard5enterNCINvB2W_8block_onINtNtB2h_3pin3PinQIB3J_Q
  35:     0x7ff71dc2bdd3 - RINvMs2_NtNtCslxosjiRbjGk_3std6thread5localINtB6_8LocalKeyNtNtNtCsfG2lWf7EeL7_5tokio7runtime7context7ContextE4withNCINvNtBW_7runtime13enter_runtimeNCINvMNtNtBY_9scheduler14current_threadNtB2r_13CurrentThread8block_onINtNtCskfTNTzlK3hA_4core3pin3PinQDNtNtNt
  36:     0x7ff71dc2bc19 - RINvMs2_NtNtCslxosjiRbjGk_3std6thread5localINtB6_8LocalKeyNtNtNtCsfG2lWf7EeL7_5tokio7runtime7context7ContextE4withNCINvBW_13set_schedulerTINtNtCs4A7rKEqPZTU_5alloc5boxed3BoxNtNtNtBY_9scheduler14current_thread4CoreEINtNtCskfTNTzlK3hA_4core6option6OptionuEEN
  37:     0x7ff71dc31b9b - <alloc[35604cf4296b6288]::boxed::Box<dyn core[ebf07ed2bbcb4910]::any::Any>>::downcast::<tracing_subscriber[8d3e329b5c2c85c5]::fmt::fmt_layer::FormattedFields<tracing_subscriber[8d3e329b5c2c85c5]::fmt::format::pretty::Pretty>>
  38:     0x7ff71dc3180f - RINvMs2_NtNtNtCsfG2lWf7EeL7_5tokio7runtime9scheduler14current_threadNtB6_6Handle5spawnNCINvMs1_NtCs3VlZHUdOcP2_16mirrord_intproxy16background_tasksINtB1v_15BackgroundTasksNtNtB1x_10main_tasks10MainTaskIdNtB2L_12ProxyMessageNtNtB1x_5error17ProxyRuntimeError
  39:     0x7ff71dc31a63 - RINvMs2_NtNtNtCsfG2lWf7EeL7_5tokio7runtime9scheduler14current_threadNtB6_6Handle5spawnNCINvMs1_NtCs3VlZHUdOcP2_16mirrord_intproxy16background_tasksINtB1v_15BackgroundTasksNtNtB1x_10main_tasks10MainTaskIdNtB2L_12ProxyMessageNtNtB1x_5error17ProxyRuntimeError
  40:     0x7ff71dc32b97 - <tokio[b69c9a7b3c6684f3]::runtime::scheduler::current_thread::CurrentThread>::block_on::<core[ebf07ed2bbcb4910]::pin::Pin<&mut dyn core[ebf07ed2bbcb4910]::future::future::Future<Output = ()>>>::{closure#0}
  41:     0x7ff71dc355a4 - tokio[b69c9a7b3c6684f3]::runtime::context::runtime::enter_runtime::<<tokio[b69c9a7b3c6684f3]::runtime::scheduler::current_thread::CurrentThread>::block_on<core[ebf07ed2bbcb4910]::pin::Pin<&mut dyn core[ebf07ed2bbcb4910]::future::future::Future<Output = ()>>>::{closure#0}, ()>
  42:     0x7ff71dc30601 - <tokio[b69c9a7b3c6684f3]::runtime::scheduler::current_thread::CurrentThread>::block_on::<core[ebf07ed2bbcb4910]::pin::Pin<&mut dyn core[ebf07ed2bbcb4910]::future::future::Future<Output = ()>>>
  43:     0x7ff71dc41254 - <core[ebf07ed2bbcb4910]::option::Option<u32>>::filter::<<mirrord_intproxy[2db7c19206c7820e]::IntProxy>::handle::{closure#0}::{closure#1}>
  44:     0x7ff71dc41317 - <tokio[b69c9a7b3c6684f3]::runtime::runtime::Runtime>::block_on::<core[ebf07ed2bbcb4910]::pin::Pin<&mut dyn core[ebf07ed2bbcb4910]::future::future::Future<Output = ()>>>
  45:     0x7ff71dc199b6 - windows_startup[2d5bfe0e9326181a]::main
  46:     0x7ff71dc18a13 - windows_startup[2d5bfe0e9326181a]::empty_node_app_windows::{closure#0}
  47:     0x7ff71dbda022 - <windows_startup[2d5bfe0e9326181a]::empty_node_app_windows::{closure#0} as core[ebf07ed2bbcb4910]::ops::function::FnOnce<()>>::call_once
  48:     0x7ff71dc4f730 - core::ops::function::FnOnce::call_once
                               at /rustc/b3869b94cd1ed4bfa2eb28f301535d5e9599c713/library\core\src\ops\function.rs:250
  49:     0x7ff71dc4f730 - test::__rust_begin_short_backtrace<enum2$<core::result::Result<tuple$<>,alloc::string::String> >,enum2$<core::result::Result<tuple$<>,alloc::string::String> > (*)()>
                               at /rustc/b3869b94cd1ed4bfa2eb28f301535d5e9599c713/library\test\src\lib.rs:663
  50:     0x7ff71dc5cda6 - test::run_test_in_process
                               at /rustc/b3869b94cd1ed4bfa2eb28f301535d5e9599c713/library\test\src\lib.rs:686
  51:     0x7ff71dc5cda6 - test::run_test::closure$0
                               at /rustc/b3869b94cd1ed4bfa2eb28f301535d5e9599c713/library\test\src\lib.rs:607
  52:     0x7ff71dc584ed - test::run_test::closure$1
                               at /rustc/b3869b94cd1ed4bfa2eb28f301535d5e9599c713/library\test\src\lib.rs:637
  53:     0x7ff71dc584ed - std::sys::backtrace::__rust_begin_short_backtrace<test::run_test::closure_env$1,tuple$<> >
                               at /rustc/b3869b94cd1ed4bfa2eb28f301535d5e9599c713/library\std\src\sys\backtrace.rs:166
  54:     0x7ff71dc60a73 - std::thread::lifecycle::spawn_unchecked::closure$1::closure$0
                               at /rustc/b3869b94cd1ed4bfa2eb28f301535d5e9599c713/library\std\src\thread\lifecycle.rs:91
  55:     0x7ff71dc60a73 - core::panic::unwind_safe::impl$25::call_once
                               at /rustc/b3869b94cd1ed4bfa2eb28f301535d5e9599c713/library\core\src\panic\unwind_safe.rs:274
  56:     0x7ff71dc60a73 - std::panicking::catch_unwind::do_call
                               at /rustc/b3869b94cd1ed4bfa2eb28f301535d5e9599c713/library\std\src\panicking.rs:581
  57:     0x7ff71dc60a73 - std::panicking::catch_unwind
                               at /rustc/b3869b94cd1ed4bfa2eb28f301535d5e9599c713/library\std\src\panicking.rs:544
  58:     0x7ff71dc60a73 - std::panic::catch_unwind
                               at /rustc/b3869b94cd1ed4bfa2eb28f301535d5e9599c713/library\std\src\panic.rs:359
  59:     0x7ff71dc60a73 - std::thread::lifecycle::spawn_unchecked::closure$1
                               at /rustc/b3869b94cd1ed4bfa2eb28f301535d5e9599c713/library\std\src\thread\lifecycle.rs:89
  60:     0x7ff71dc60a73 - core::ops::function::FnOnce::call_once<std::thread::lifecycle::spawn_unchecked::closure_env$1<test::run_test::closure_env$1,tuple$<> >,tuple$<> >
                               at /rustc/b3869b94cd1ed4bfa2eb28f301535d5e9599c713/library\core\src\ops\function.rs:250
  61:     0x7ff71f943d7c - std::sys::thread::windows::impl$0::new::thread_start
                               at /rustc/b3869b94cd1ed4bfa2eb28f301535d5e9599c713/library\std\src\sys\thread\windows.rs:58
  62:     0x7ffb34c1e8d7 - BaseThreadInitThunk
  63:     0x7ffb3628c53c - RtlUserThreadStart
FAILED

failures:

failures:
    empty_node_app_windows

test result: FAILED. 0 passed; 1 failed; 0 ignored; 0 measured; 0 filtered out; finished in 0.50s

error: test failed, to rerun pass `-p mirrord-layer-tests --test windows_startup`
Integration test exit code: 101

=== Layer file logs ===

=== TestIntProxy log ===
  TRACE mirrord_protocol_io: enter
    at mirrord\protocol-io\src\lib.rs:292
    in mirrord_protocol_io::mirrord_protocol_io_task

  TRACE mirrord_protocol_io: exit
    at mirrord\protocol-io\src\lib.rs:292
    in mirrord_protocol_io::mirrord_protocol_io_task

   INFO mirrord_intproxy::layer_initializer: enter
    at mirrord\intproxy\src\layer_initializer.rs:97
    in mirrord_intproxy::layer_initializer::layer_initializer_main_loop

   INFO mirrord_intproxy::layer_initializer: exit
    at mirrord\intproxy\src\layer_initializer.rs:97
    in mirrord_intproxy::layer_initializer::layer_initializer_main_loop

   INFO mirrord_intproxy::ping_pong: enter
    at mirrord\intproxy\src\ping_pong.rs:85
    in mirrord_intproxy::ping_pong::ping_pong_main_loop

   INFO mirrord_intproxy::ping_pong: exit
    at mirrord\intproxy\src\ping_pong.rs:85
    in mirrord_intproxy::ping_pong::ping_pong_main_loop

   INFO mirrord_intproxy::proxies::simple: enter
    at mirrord\intproxy\src\proxies\simple.rs:164
    in mirrord_intproxy::proxies::simple::simple_proxy_main_loop

   INFO mirrord_intproxy::proxies::simple: exit
    at mirrord\intproxy\src\proxies\simple.rs:164
    in mirrord_intproxy::proxies::simple::simple_proxy_main_loop

   INFO mirrord_intproxy::proxies::outgoing: enter
    at mirrord\intproxy\src\proxies\outgoing.rs:740
    in mirrord_intproxy::proxies::outgoing::outgoing_proxy_main_loop

   INFO mirrord_intproxy::proxies::outgoing: exit
    at mirrord\intproxy\src\proxies\outgoing.rs:740
    in mirrord_intproxy::proxies::outgoing::outgoing_proxy_main_loop

   INFO mirrord_intproxy::proxies::incoming: enter
    at mirrord\intproxy\src\proxies\incoming.rs:968
    in mirrord_intproxy::proxies::incoming::incoming_proxy_main_loop

   INFO mirrord_intproxy::proxies::incoming: exit
    at mirrord\intproxy\src\proxies\incoming.rs:968
    in mirrord_intproxy::proxies::incoming::incoming_proxy_main_loop

   INFO mirrord_intproxy::proxies::files: enter
    at mirrord\intproxy\src\proxies\files.rs:1202
    in mirrord_intproxy::proxies::files::files_proxy_main_loop

   INFO mirrord_intproxy::proxies::files: exit
    at mirrord\intproxy\src\proxies\files.rs:1202
    in mirrord_intproxy::proxies::files::files_proxy_main_loop

   INFO mirrord_intproxy::agent_conn: enter
    at mirrord\intproxy\src\agent_conn.rs:296
    in mirrord_intproxy::agent_conn::agent_connection_main_loop

   INFO mirrord_intproxy::agent_conn: exit
    at mirrord\intproxy\src\agent_conn.rs:296
    in mirrord_intproxy::agent_conn::agent_connection_main_loop

   INFO mirrord_intproxy: State of connected layers, count: 0, layers: {}
    at mirrord\intproxy\src\lib.rs:349

   INFO mirrord_intproxy::ping_pong: enter
    at mirrord\intproxy\src\ping_pong.rs:85
    in mirrord_intproxy::ping_pong::ping_pong_main_loop

   INFO mirrord_intproxy::ping_pong: exit
    at mirrord\intproxy\src\ping_pong.rs:85
    in mirrord_intproxy::ping_pong::ping_pong_main_loop

   INFO mirrord_intproxy::proxies::incoming: enter
    at mirrord\intproxy\src\proxies\incoming.rs:968
    in mirrord_intproxy::proxies::incoming::incoming_proxy_main_loop

   INFO mirrord_intproxy::proxies::incoming: exit
    at mirrord\intproxy\src\proxies\incoming.rs:968
    in mirrord_intproxy::proxies::incoming::incoming_proxy_main_loop

   INFO mirrord_intproxy::proxies::simple: enter
    at mirrord\intproxy\src\proxies\simple.rs:164
    in mirrord_intproxy::proxies::simple::simple_proxy_main_loop

   INFO mirrord_intproxy::proxies::simple: exit
    at mirrord\intproxy\src\proxies\simple.rs:164
    in mirrord_intproxy::proxies::simple::simple_proxy_main_loop

   INFO mirrord_intproxy::proxies::files: enter
    at mirrord\intproxy\src\proxies\files.rs:1202
    in mirrord_intproxy::proxies::files::files_proxy_main_loop

   INFO mirrord_intproxy::proxies::files: exit
    at mirrord\intproxy\src\proxies\files.rs:1202
    in mirrord_intproxy::proxies::files::files_proxy_main_loop

  TRACE mirrord_protocol_io: enter
    at mirrord\protocol-io\src\lib.rs:292
    in mirrord_protocol_io::mirrord_protocol_io_task

  TRACE mirrord_protocol_io: exit
    at mirrord\protocol-io\src\lib.rs:292
    in mirrord_protocol_io::mirrord_protocol_io_task

   INFO mirrord_intproxy::proxies::outgoing: enter
    at mirrord\intproxy\src\proxies\outgoing.rs:740
    in mirrord_intproxy::proxies::outgoing::outgoing_proxy_main_loop

   INFO mirrord_intproxy::proxies::outgoing: exit
    at mirrord\intproxy\src\proxies\outgoing.rs:740
    in mirrord_intproxy::proxies::outgoing::outgoing_proxy_main_loop

   INFO mirrord_intproxy::agent_conn: enter
    at mirrord\intproxy\src\agent_conn.rs:296
    in mirrord_intproxy::agent_conn::agent_connection_main_loop

   INFO mirrord_intproxy::agent_conn: exit
    at mirrord\intproxy\src\agent_conn.rs:296
    in mirrord_intproxy::agent_conn::agent_connection_main_loop

   INFO mirrord_intproxy::layer_initializer: enter
    at mirrord\intproxy\src\layer_initializer.rs:97
    in mirrord_intproxy::layer_initializer::layer_initializer_main_loop

   INFO mirrord_intproxy::layer_initializer: exit
    at mirrord\intproxy\src\layer_initializer.rs:97
    in mirrord_intproxy::layer_initializer::layer_initializer_main_loop


